[2026-05-23 22:36:33] Step 1: [Knowledge Intake Agent] -> Validated ingestion trigger for file: sharepoint_sync_55d65b.md. Selecting placeholder manual connector.
[2026-05-23 22:36:33] Step 2: [Knowledge Intake Agent] -> Successfully uploaded and captured file content (size: 374 characters).
[2026-05-23 22:36:33] Step 3: [Knowledge Intake Agent] -> Parsed content buffer into clean sentence blocks. Cleaned regulatory tokens.
[2026-05-23 22:36:33] Step 4: [Classification Agent] -> Decomposed document body text into staging passages index.
[2026-05-23 22:36:33] Step 5: [Entity Extraction Agent] -> Extracted candidate summarization metrics: 'Grounded operational policies retrieved from Corporate SharePoint Repo (SharePoint) for domain Regulatory Compliance.
Under Basel III LCR and NSFR rul...'
[2026-05-23 22:36:33] Step 6: [Metadata Enrichment Agent] -> Mapped metadata tags: Type=Regulation | Domain=Regulatory Compliance | Freshness=2026-05-23
[2026-05-23 22:36:33] Step 7: [Relationship Discovery Agent] -> Identified graph relationships coordinates: node_basel_3: complements
[2026-05-23 22:36:33] Step 8: [Duplicate Detection Agent] -> Calculated catalog semantic duplication score: 5.0%
[2026-05-23 22:36:33] Step 9: [Canonical Knowledge Builder Agent] -> Successfully created candidate record in metadata staging store with ID: cand_2d1ba2
[2026-05-23 22:36:33] Step 10: [SME Approval Agent] -> Routed candidate 'cand_2d1ba2' to SME: 'Marcus Vance' approval workspace. Status set to PENDING REVIEW.
[2026-05-23 22:36:35] Step 1: [Knowledge Intake Agent] -> Validated ingestion trigger for file: git repository_sync_69e198.md. Selecting placeholder manual connector.
[2026-05-23 22:36:35] Step 2: [Knowledge Intake Agent] -> Successfully uploaded and captured file content (size: 387 characters).
[2026-05-23 22:36:35] Step 3: [Knowledge Intake Agent] -> Parsed content buffer into clean sentence blocks. Cleaned regulatory tokens.
[2026-05-23 22:36:35] Step 4: [Classification Agent] -> Decomposed document body text into staging passages index.
[2026-05-23 22:36:35] Step 5: [Entity Extraction Agent] -> Extracted candidate summarization metrics: 'Grounded operational policies retrieved from Treasury ALCO Policies Git (Git Repository) for domain Treasury & Capital Management.
Under Basel III LCR...'
[2026-05-23 22:36:35] Step 6: [Metadata Enrichment Agent] -> Mapped metadata tags: Type=Regulation | Domain=Treasury & Capital Management | Freshness=2026-05-23
[2026-05-23 22:36:35] Step 7: [Relationship Discovery Agent] -> Identified graph relationships coordinates: node_basel_3: complements
[2026-05-23 22:36:35] Step 8: [Duplicate Detection Agent] -> Calculated catalog semantic duplication score: 5.0%
[2026-05-23 22:36:35] Step 9: [Canonical Knowledge Builder Agent] -> Successfully created candidate record in metadata staging store with ID: cand_9b0999
[2026-05-23 22:36:35] Step 10: [SME Approval Agent] -> Routed candidate 'cand_9b0999' to SME: 'Marcus Vance' approval workspace. Status set to PENDING REVIEW.
[2026-05-23 22:36:36] Step 1: [Knowledge Intake Agent] -> Validated ingestion trigger for file: confluence_sync_df86c1.md. Selecting placeholder manual connector.
[2026-05-23 22:36:36] Step 2: [Knowledge Intake Agent] -> Successfully uploaded and captured file content (size: 374 characters).
[2026-05-23 22:36:36] Step 3: [Knowledge Intake Agent] -> Parsed content buffer into clean sentence blocks. Cleaned regulatory tokens.
[2026-05-23 22:36:36] Step 4: [Classification Agent] -> Decomposed document body text into staging passages index.
[2026-05-23 22:36:36] Step 5: [Entity Extraction Agent] -> Extracted candidate summarization metrics: 'Grounded operational policies retrieved from Corporate Operations Confluence (Confluence) for domain Cash Management.
Under Basel III LCR and NSFR rul...'
[2026-05-23 22:36:36] Step 6: [Metadata Enrichment Agent] -> Mapped metadata tags: Type=Regulation | Domain=Cash Management | Freshness=2026-05-23
[2026-05-23 22:36:36] Step 7: [Relationship Discovery Agent] -> Identified graph relationships coordinates: node_basel_3: complements
[2026-05-23 22:36:36] Step 8: [Duplicate Detection Agent] -> Calculated catalog semantic duplication score: 5.0%
[2026-05-23 22:36:36] Step 9: [Canonical Knowledge Builder Agent] -> Successfully created candidate record in metadata staging store with ID: cand_7ab0cf
[2026-05-23 22:36:36] Step 10: [SME Approval Agent] -> Routed candidate 'cand_7ab0cf' to SME: 'Marcus Vance' approval workspace. Status set to PENDING REVIEW.
[2026-05-23 22:36:39] Step 1: [Knowledge Intake Agent] -> Validated ingestion trigger for file: jira_sync_d745b3.md. Selecting placeholder manual connector.
[2026-05-23 22:36:39] Step 2: [Knowledge Intake Agent] -> Successfully uploaded and captured file content (size: 375 characters).
[2026-05-23 22:36:39] Step 3: [Knowledge Intake Agent] -> Parsed content buffer into clean sentence blocks. Cleaned regulatory tokens.
[2026-05-23 22:36:39] Step 4: [Classification Agent] -> Decomposed document body text into staging passages index.
[2026-05-23 22:36:39] Step 5: [Entity Extraction Agent] -> Extracted candidate summarization metrics: 'Grounded operational policies retrieved from Model Risk Compliance Jira (Jira) for domain Model Risk Management (MRM).
Under Basel III LCR and NSFR ru...'
[2026-05-23 22:36:39] Step 6: [Metadata Enrichment Agent] -> Mapped metadata tags: Type=Regulation | Domain=Model Risk Management (MRM) | Freshness=2026-05-23
[2026-05-23 22:36:39] Step 7: [Relationship Discovery Agent] -> Identified graph relationships coordinates: node_basel_3: complements
[2026-05-23 22:36:39] Step 8: [Duplicate Detection Agent] -> Calculated catalog semantic duplication score: 5.0%
[2026-05-23 22:36:39] Step 9: [Canonical Knowledge Builder Agent] -> Successfully created candidate record in metadata staging store with ID: cand_e02403
[2026-05-23 22:36:39] Step 10: [SME Approval Agent] -> Routed candidate 'cand_e02403' to SME: 'Marcus Vance' approval workspace. Status set to PENDING REVIEW.
[2026-05-23 22:46:49] Step 12: Published approved Candidate 'cand_e02403' into production Vector & Graph DBs.
[2026-05-23 22:47:05] Step 12: Published approved Candidate 'cand_7ab0cf' into production Vector & Graph DBs.
[2026-05-23 22:47:12] Step 12: Published approved Candidate 'cand_9b0999' into production Vector & Graph DBs.
[2026-05-23 22:47:42] Step 12: Published approved Candidate 'cand_2d1ba2' into production Vector & Graph DBs.
[2026-05-23 22:47:50] Step 12: Published approved Candidate 'cand_cecl_model' into production Vector & Graph DBs.
[2026-05-23 22:47:56] Step 12: Published approved Candidate 'cand_reg_w_amend' into production Vector & Graph DBs.
[2026-05-23 22:48:11] Step 12: Published approved Candidate 'cand_basel_updates' into production Vector & Graph DBs.
[2026-05-23 22:48:16] Step 1: [Knowledge Intake Agent] -> Validated ingestion trigger for file: sharepoint_sync_77eb22.md. Selecting placeholder manual connector.
[2026-05-23 22:48:16] Step 2: [Knowledge Intake Agent] -> Successfully uploaded and captured file content (size: 374 characters).
[2026-05-23 22:48:16] Step 3: [Knowledge Intake Agent] -> Parsed content buffer into clean sentence blocks. Cleaned regulatory tokens.
[2026-05-23 22:48:16] Step 4: [Classification Agent] -> Decomposed document body text into staging passages index.
[2026-05-23 22:48:16] Step 5: [Entity Extraction Agent] -> Extracted candidate summarization metrics: 'Grounded operational policies retrieved from Corporate SharePoint Repo (SharePoint) for domain Regulatory Compliance.
Under Basel III LCR and NSFR rul...'
[2026-05-23 22:48:16] Step 6: [Metadata Enrichment Agent] -> Mapped metadata tags: Type=Regulation | Domain=Regulatory Compliance | Freshness=2026-05-23
[2026-05-23 22:48:16] Step 7: [Relationship Discovery Agent] -> Identified graph relationships coordinates: node_basel_3: complements
[2026-05-23 22:48:16] Step 8: [Duplicate Detection Agent] -> Calculated catalog semantic duplication score: 5.0%
[2026-05-23 22:48:16] Step 9: [Canonical Knowledge Builder Agent] -> Successfully created candidate record in metadata staging store with ID: cand_0c4674
[2026-05-23 22:48:16] Step 10: [SME Approval Agent] -> Routed candidate 'cand_0c4674' to SME: 'Marcus Vance' approval workspace. Status set to PENDING REVIEW.
[2026-05-23 22:48:23] Step 1: [Knowledge Intake Agent] -> Validated ingestion trigger for file: git repository_sync_8b1af7.md. Selecting placeholder manual connector.
[2026-05-23 22:48:23] Step 2: [Knowledge Intake Agent] -> Successfully uploaded and captured file content (size: 387 characters).
[2026-05-23 22:48:23] Step 3: [Knowledge Intake Agent] -> Parsed content buffer into clean sentence blocks. Cleaned regulatory tokens.
[2026-05-23 22:48:23] Step 4: [Classification Agent] -> Decomposed document body text into staging passages index.
[2026-05-23 22:48:23] Step 5: [Entity Extraction Agent] -> Extracted candidate summarization metrics: 'Grounded operational policies retrieved from Treasury ALCO Policies Git (Git Repository) for domain Treasury & Capital Management.
Under Basel III LCR...'
[2026-05-23 22:48:23] Step 6: [Metadata Enrichment Agent] -> Mapped metadata tags: Type=Regulation | Domain=Treasury & Capital Management | Freshness=2026-05-23
[2026-05-23 22:48:23] Step 7: [Relationship Discovery Agent] -> Identified graph relationships coordinates: node_basel_3: complements
[2026-05-23 22:48:23] Step 8: [Duplicate Detection Agent] -> Calculated catalog semantic duplication score: 5.0%
[2026-05-23 22:48:23] Step 9: [Canonical Knowledge Builder Agent] -> Successfully created candidate record in metadata staging store with ID: cand_3ff09d
[2026-05-23 22:48:23] Step 10: [SME Approval Agent] -> Routed candidate 'cand_3ff09d' to SME: 'Marcus Vance' approval workspace. Status set to PENDING REVIEW.
